   1              	 .syntax unified
   2              	 .cpu cortex-m4
   3              	 .eabi_attribute 27,3
   4              	 .fpu fpv4-sp-d16
   5              	 .eabi_attribute 20,1
   6              	 .eabi_attribute 21,1
   7              	 .eabi_attribute 23,3
   8              	 .eabi_attribute 24,1
   9              	 .eabi_attribute 25,1
  10              	 .eabi_attribute 26,1
  11              	 .eabi_attribute 30,6
  12              	 .eabi_attribute 34,1
  13              	 .eabi_attribute 18,4
  14              	 .thumb
  15              	 .file "kilo.c"
  16              	 .text
  17              	.Ltext0:
  18              	 .cfi_sections .debug_frame
  19              	.Letext0:
  20              	 .file 1 "c:\\dave-ide-4.4.2-64bit\\eclipse\\arm-gcc-49\\arm-none-eabi\\include\\machine\\_default_types.h"
  21              	 .file 2 "c:\\dave-ide-4.4.2-64bit\\eclipse\\arm-gcc-49\\arm-none-eabi\\include\\stdint.h"
  22              	 .file 3 "C:/DAVE-IDE-4.4.2-64Bit/elle/Elle/Libraries/CMSIS/Include/cmsis_gcc.h"
  23              	 .file 4 "C:/DAVE-IDE-4.4.2-64Bit/elle/Elle/Libraries/CMSIS/Include/core_cm4.h"
  24              	 .file 5 "C:/DAVE-IDE-4.4.2-64Bit/elle/Elle/Libraries/CMSIS/Infineon/XMC4700_series/Include/system_XMC4700.h"
DEFINED SYMBOLS
                            *ABS*:00000000 kilo.c

NO UNDEFINED SYMBOLS
